<?xml version="1.0" encoding="UTF-8"?>
<!-- Generated by org.testng.reporters.JUnitReportReporter -->
<testsuite hostname="DESKTOP-AU2SQO3" failures="0" tests="1" name="com.demoweb.com.demoweb.Main" time="31.865" errors="0" timestamp="2023-02-28T10:14:19 IST" skipped="0">
  <testcase classname="com.demoweb.com.demoweb.Main" name="script" time="31.865"/>
  <system-out/>
</testsuite> <!-- com.demoweb.com.demoweb.Main -->
